<?xml version="1.0" encoding="UTF-8"?>
<!-- Generated by org.testng.reporters.JUnitReportReporter -->
<testsuite hostname="ThanhHa" failures="0" tests="3" name="fpoly.SaveTestNGResultToExcel" time="38.426" errors="0" timestamp="2023-04-12T18:09:16 ICT" skipped="0">
  <testcase classname="fpoly.SaveTestNGResultToExcel" name="LaunchWebsite" time="26.818"/>
  <system-out/>
  <testcase classname="fpoly.SaveTestNGResultToExcel" name="FillLoginDetails" time="1.515"/>
  <system-out/>
  <testcase classname="fpoly.SaveTestNGResultToExcel" name="DoLogin" time="10.093"/>
  <system-out/>
</testsuite> <!-- fpoly.SaveTestNGResultToExcel -->
