<?xml version="1.0" encoding="UTF-8"?>
<!-- Generated by org.testng.reporters.JUnitReportReporter -->
<testsuite hostname="ThanhHa" failures="0" tests="2" name="com.ParametersTesting" time="0.004" errors="0" timestamp="2023-03-27T00:30:52 ICT" skipped="0">
  <testcase classname="com.ParametersTesting" name="FillLoginForm" time="0.004"/>
  <system-out/>
  <testcase classname="com.ParametersTesting" name="OpenBrowser" time="0.000"/>
  <system-out/>
</testsuite> <!-- com.ParametersTesting -->
