<?xml version="1.0" encoding="UTF-8"?>
<!-- Generated by org.testng.reporters.JUnitReportReporter -->
<testsuite hostname="ThanhHa" failures="0" tests="3" name="com.Testpriority" time="0.006" errors="0" timestamp="2023-03-27T00:35:04 ICT" skipped="0">
  <testcase classname="com.Testpriority" name="registerAccount" time="0.005"/>
  <system-out/>
  <testcase classname="com.Testpriority" name="login" time="0.000"/>
  <system-out/>
  <testcase classname="com.Testpriority" name="sendmail" time="0.001"/>
  <system-out/>
</testsuite> <!-- com.Testpriority -->
