<?xml version="1.0" encoding="UTF-8"?>
<!-- Generated by org.testng.reporters.JUnitReportReporter -->
<testsuite hostname="ThanhHa" failures="0" tests="1" name="com.firsttestngfle" time="0.040" errors="0" timestamp="2023-03-29T17:51:51 ICT" skipped="0">
  <testcase classname="com.firsttestngfle" name="verifyHomepageTitle" time="0.040"/>
  <system-out/>
</testsuite> <!-- com.firsttestngfle -->
