<?xml version="1.0" encoding="UTF-8"?>
<!-- Generated by org.testng.reporters.JUnitReportReporter -->
<testsuite hostname="ThanhHa" failures="0" tests="2" name="com.NewTest" time="0.006" errors="0" timestamp="2023-03-27T00:17:10 ICT" skipped="0">
  <testcase classname="com.NewTest" name="unitLevel1" time="0.003"/>
  <system-out/>
  <testcase classname="com.NewTest" name="unitLevel2" time="0.003"/>
  <system-out/>
</testsuite> <!-- com.NewTest -->
