<?xml version="1.0" encoding="UTF-8"?>
<!-- Generated by org.testng.reporters.JUnitReportReporter -->
<testsuite hostname="ThanhHa" failures="0" tests="3" name="fpoly.DependencyTestUsingAnnotation" time="0.006" errors="0" timestamp="2023-04-02T00:55:26 ICT" skipped="0">
  <testcase classname="fpoly.DependencyTestUsingAnnotation" name="testPrintMessage" time="0.001"/>
  <system-out/>
  <testcase classname="fpoly.DependencyTestUsingAnnotation" name="testSalutationMessage" time="0.001"/>
  <system-out/>
  <testcase classname="fpoly.DependencyTestUsingAnnotation" name="initEnvironmentTest" time="0.004"/>
  <system-out/>
</testsuite> <!-- fpoly.DependencyTestUsingAnnotation -->
