<?xml version="1.0" encoding="UTF-8"?>
<!-- Generated by org.testng.reporters.JUnitReportReporter -->
<testsuite skipped="0" hostname="ThanhHa" name="com.ps20520.TestVatCalculator" tests="1" failures="0"
           timestamp="2023-03-15T19:55:13 ICT" time="0.007" errors="0">
    <testcase name="testGetVatOnAmount" time="0.007" classname="com.ps20520.TestVatCalculator"/>
    <system-out/>
</testsuite> <!-- com.ps20520.TestVatCalculator -->
