<?xml version="1.0" encoding="UTF-8"?>
<!-- Generated by org.testng.reporters.JUnitReportReporter -->
<testsuite skipped="0" hostname="ThanhHa" name="Test.Helo" tests="1" failures="0" timestamp="2023-03-15T18:38:00 ICT"
           time="0.009" errors="0">
    <testcase name="f" time="0.009" classname="Test.Helo"/>
    <system-out/>
</testsuite> <!-- Test.Helo -->
