<?xml version="1.0" encoding="UTF-8"?>
<!-- Generated by org.testng.reporters.JUnitReportReporter -->
<testsuite skipped="0" hostname="ThanhHa" name="bumbers.Helo" tests="1" failures="0" timestamp="2023-03-14T23:12:41 ICT"
           time="0.004" errors="0">
    <testcase name="f" time="0.004" classname="bumbers.Helo"/>
    <system-out/>
</testsuite> <!-- bumbers.Helo -->
