<?xml version="1.0" encoding="UTF-8"?>
<!-- Generated by org.testng.reporters.JUnitReportReporter -->
<testsuite hostname="ThanhHa" failures="0" tests="1" name="com.ps20520.TestVatCalculator" time="0.007" errors="0"
           timestamp="2023-03-25T00:44:58 ICT" skipped="0">
    <testcase classname="com.ps20520.TestVatCalculator" name="testGetVatOnAmount" time="0.007"/>
    <system-out/>
</testsuite> <!-- com.ps20520.TestVatCalculator -->
