<?xml version="1.0" encoding="UTF-8"?>
<!-- Generated by org.testng.reporters.JUnitReportReporter -->
<testsuite hostname="ThanhHa" failures="0" tests="2" name="MavenReport.TestClass3" time="0.002" errors="0" timestamp="2023-03-31T18:28:10 ICT" skipped="0">
  <testcase classname="MavenReport.TestClass3" name="d1" time="0.001"/>
  <system-out/>
  <testcase classname="MavenReport.TestClass3" name="d2" time="0.001"/>
  <system-out/>
</testsuite> <!-- MavenReport.TestClass3 -->
