<?xml version="1.0" encoding="UTF-8"?>
<!-- Generated by org.testng.reporters.JUnitReportReporter -->
<testsuite hostname="ThanhHa" failures="0" tests="2" name="MavenReport.TestClass4" time="0.002" errors="0" timestamp="2023-03-31T18:28:10 ICT" skipped="0">
  <testcase classname="MavenReport.TestClass4" name="e1" time="0.000"/>
  <system-out/>
  <testcase classname="MavenReport.TestClass4" name="e2" time="0.002"/>
  <system-out>
    <![CDATA[Method name is e2]]>
  </system-out>
</testsuite> <!-- MavenReport.TestClass4 -->
