<?xml version="1.0" encoding="UTF-8"?>
<!-- Generated by org.testng.reporters.JUnitReportReporter -->
<testsuite skipped="0" hostname="ThanhHa" name="com.ps20520.demoOne" tests="2" failures="0"
           timestamp="2023-03-17T19:06:51 ICT" time="0.007" errors="0">
    <testcase name="secondTestCase" time="0.001" classname="com.ps20520.demoOne"/>
    <system-out/>
    <testcase name="firstTestCase" time="0.006" classname="com.ps20520.demoOne"/>
    <system-out/>
</testsuite> <!-- com.ps20520.demoOne -->
