<?xml version="1.0" encoding="UTF-8"?>
<!-- Generated by org.testng.reporters.JUnitReportReporter -->
<testsuite skipped="0" hostname="ThanhHa" name="com.groupExamples" tests="3" failures="0"
           timestamp="2023-03-17T19:07:32 ICT" time="0.008" errors="0">
    <testcase name="testCaseThree" time="0.000" classname="com.groupExamples"/>
    <system-out/>
    <testcase name="testCaseOne" time="0.001" classname="com.groupExamples"/>
    <system-out/>
    <testcase name="testCaseFour" time="0.007" classname="com.groupExamples"/>
    <system-out/>
</testsuite> <!-- com.groupExamples -->
