<?xml version="1.0" encoding="UTF-8"?>
<!-- Generated by org.testng.reporters.JUnitReportReporter -->
<testsuite skipped="0" hostname="ThanhHa" name="com.ps20520.demoTwo" tests="2" failures="0"
           timestamp="2023-03-17T19:06:51 ICT" time="0.002" errors="0">
    <testcase name="firstTestCase" time="0.001" classname="com.ps20520.demoTwo"/>
    <system-out/>
    <testcase name="secondTestCase" time="0.001" classname="com.ps20520.demoTwo"/>
    <system-out/>
</testsuite> <!-- com.ps20520.demoTwo -->
