<?xml version="1.0" encoding="UTF-8"?>
<!-- Generated by org.testng.reporters.JUnitReportReporter -->
<testsuite hostname="ThanhHa" failures="0" tests="1" name="com.ps.NewTest" time="99.926" errors="0"
           timestamp="2023-03-26T23:39:52 ICT" skipped="0">
    <testcase classname="com.ps.NewTest" name="verifyHomepageTitle" time="99.926"/>
    <system-out/>
</testsuite> <!-- com.ps.NewTest -->
