<?xml version="1.0" encoding="UTF-8"?>
<!-- Generated by org.testng.reporters.JUnitReportReporter -->
<testsuite skipped="0" hostname="ThanhHa" name="com.ps20520.NewTest" tests="1" failures="0"
           timestamp="2023-03-16T23:33:55 ICT" time="11.592" errors="0">
    <testcase name="verifyHomepageTitle" time="11.592" classname="com.ps20520.NewTest"/>
    <system-out/>
</testsuite> <!-- com.ps20520.NewTest -->
